<?xml version="1.0" encoding="UTF-8"?>
<robot generator="Robot 3.2.2 (Python 3.9.0 on darwin)" generated="20201203 10:09:53.065" rpa="false">
<suite id="s1" name="Swipe" source="/Users/samyra.almeida/Documents/TWP/tests/swipe.robot">
<test id="s1-t1" name="Deve remover o capitão América">
<kw name="Open Session" library="base" type="setup">
<kw name="Set Appium Timeout" library="AppiumLibrary">
<doc>Sets the timeout in seconds used by various keywords.</doc>
<arguments>
<arg>5</arg>
</arguments>
<status status="PASS" starttime="20201203 10:09:53.176" endtime="20201203 10:09:53.176"></status>
</kw>
<kw name="Open Application" library="AppiumLibrary">
<doc>Opens a new application to given Appium server.
Capabilities of appium server, Android and iOS,
Please check https://github.com/appium/appium/blob/master/docs/en/writing-running-appium/server-args.md
| *Option*            | *Man.* | *Description*     |
| remote_url          | Yes    | Appium server url |
| alias               | no     | alias             |</doc>
<arguments>
<arg>http://localhost:4723/wd/hub</arg>
<arg>automationName=UiAutomator2</arg>
<arg>platformName=Android</arg>
<arg>deviceName=Emulator</arg>
<arg>app=${EXECDIR}/app/twp.apk</arg>
</arguments>
<status status="PASS" starttime="20201203 10:09:53.176" endtime="20201203 10:09:59.440"></status>
</kw>
<kw name="Get Started" library="helpers">
<kw name="Wait Until Page Contains" library="AppiumLibrary">
<doc>Waits until `text` appears on current page.</doc>
<arguments>
<arg>${START}</arg>
</arguments>
<status status="PASS" starttime="20201203 10:09:59.441" endtime="20201203 10:10:03.810"></status>
</kw>
<kw name="Click Text" library="AppiumLibrary">
<doc>Click text identified by ``text``.</doc>
<arguments>
<arg>${START}</arg>
</arguments>
<status status="PASS" starttime="20201203 10:10:03.810" endtime="20201203 10:10:03.948"></status>
</kw>
<status status="PASS" starttime="20201203 10:09:59.441" endtime="20201203 10:10:03.948"></status>
</kw>
<status status="PASS" starttime="20201203 10:09:53.175" endtime="20201203 10:10:03.949"></status>
</kw>
<kw name="Go To Avenger List" library="helpers">
<kw name="Open Nav" library="helpers">
<kw name="Wait Until Element Is Visible" library="AppiumLibrary">
<doc>Waits until element specified with `locator` is visible.</doc>
<arguments>
<arg>${HAMBURGER}</arg>
</arguments>
<status status="PASS" starttime="20201203 10:10:03.949" endtime="20201203 10:10:05.171"></status>
</kw>
<kw name="Click Element" library="AppiumLibrary">
<doc>Click element identified by `locator`.</doc>
<arguments>
<arg>${HAMBURGER}</arg>
</arguments>
<msg timestamp="20201203 10:10:05.172" level="INFO">Clicking element 'xpath=//android.widget.ImageButton[@content-desc="Open navigation drawer"]'.</msg>
<status status="PASS" starttime="20201203 10:10:05.171" endtime="20201203 10:10:05.263"></status>
</kw>
<kw name="Wait Until Element Is Visible" library="AppiumLibrary">
<doc>Waits until element specified with `locator` is visible.</doc>
<arguments>
<arg>${NAV_VIEW}</arg>
</arguments>
<status status="PASS" starttime="20201203 10:10:05.263" endtime="20201203 10:10:06.247"></status>
</kw>
<status status="PASS" starttime="20201203 10:10:03.949" endtime="20201203 10:10:06.247"></status>
</kw>
<kw name="Click Text" library="AppiumLibrary">
<doc>Click text identified by ``text``.</doc>
<arguments>
<arg>AVENGERS</arg>
</arguments>
<status status="PASS" starttime="20201203 10:10:06.247" endtime="20201203 10:10:06.420"></status>
</kw>
<kw name="Wait Until Page Contains" library="AppiumLibrary">
<doc>Waits until `text` appears on current page.</doc>
<arguments>
<arg>AVENGERS</arg>
</arguments>
<status status="PASS" starttime="20201203 10:10:06.420" endtime="20201203 10:10:06.700"></status>
</kw>
<kw name="Click Text" library="AppiumLibrary">
<doc>Click text identified by ``text``.</doc>
<arguments>
<arg>LISTA</arg>
</arguments>
<status status="PASS" starttime="20201203 10:10:06.701" endtime="20201203 10:10:07.427"></status>
</kw>
<kw name="Wait Until Page Contains" library="AppiumLibrary">
<doc>Waits until `text` appears on current page.</doc>
<arguments>
<arg>LISTA</arg>
</arguments>
<status status="PASS" starttime="20201203 10:10:07.427" endtime="20201203 10:10:08.413"></status>
</kw>
<status status="PASS" starttime="20201203 10:10:03.949" endtime="20201203 10:10:08.413"></status>
</kw>
<kw name="Swipe By Percent" library="AppiumLibrary">
<doc>Swipe from one percent of the screen to another percent, for an optional duration.
Normal swipe fails to scale for different screen resolutions, this can be avoided using percent.</doc>
<arguments>
<arg>88.88</arg>
<arg>18.22</arg>
<arg>47.22</arg>
<arg>18.22</arg>
</arguments>
<status status="PASS" starttime="20201203 10:10:08.413" endtime="20201203 10:10:09.710"></status>
</kw>
<kw name="Wait Until Element Is Visible" library="AppiumLibrary">
<doc>Waits until element specified with `locator` is visible.</doc>
<arguments>
<arg>${BTN_REMO}</arg>
</arguments>
<status status="PASS" starttime="20201203 10:10:09.710" endtime="20201203 10:10:09.754"></status>
</kw>
<kw name="Click Element" library="AppiumLibrary">
<doc>Click element identified by `locator`.</doc>
<arguments>
<arg>${BTN_REMO}</arg>
</arguments>
<msg timestamp="20201203 10:10:09.756" level="INFO">Clicking element 'id=io.qaninja.android.twp:id/btnRemove'.</msg>
<status status="PASS" starttime="20201203 10:10:09.755" endtime="20201203 10:10:09.801"></status>
</kw>
<kw name="Sleep" library="BuiltIn">
<doc>Pauses the test executed for the given time.</doc>
<arguments>
<arg>5</arg>
</arguments>
<msg timestamp="20201203 10:10:14.802" level="INFO">Slept 5 seconds</msg>
<status status="PASS" starttime="20201203 10:10:09.802" endtime="20201203 10:10:14.802"></status>
</kw>
<kw name="Close Session" library="base" type="teardown">
<kw name="Capture Page Screenshot" library="AppiumLibrary">
<doc>Takes a screenshot of the current page and embeds it into the log.</doc>
<msg timestamp="20201203 10:10:15.107" level="INFO" html="yes">&lt;/td&gt;&lt;/tr&gt;&lt;tr&gt;&lt;td colspan="3"&gt;&lt;a href="appium-screenshot-1.png"&gt;&lt;img src="appium-screenshot-1.png" width="800px"&gt;&lt;/a&gt;</msg>
<status status="PASS" starttime="20201203 10:10:14.803" endtime="20201203 10:10:15.107"></status>
</kw>
<kw name="Close Application" library="AppiumLibrary">
<doc>Closes the current application and also close webdriver session.</doc>
<status status="PASS" starttime="20201203 10:10:15.107" endtime="20201203 10:10:15.551"></status>
</kw>
<status status="PASS" starttime="20201203 10:10:14.803" endtime="20201203 10:10:15.551"></status>
</kw>
<status status="PASS" starttime="20201203 10:09:53.175" endtime="20201203 10:10:15.551" critical="yes"></status>
</test>
<status status="PASS" starttime="20201203 10:09:53.067" endtime="20201203 10:10:15.552"></status>
</suite>
<statistics>
<total>
<stat pass="1" fail="0">Critical Tests</stat>
<stat pass="1" fail="0">All Tests</stat>
</total>
<tag>
</tag>
<suite>
<stat pass="1" fail="0" id="s1" name="Swipe">Swipe</stat>
</suite>
</statistics>
<errors>
</errors>
</robot>
